make all --print-data-base --no-builtin-variables --no-builtin-rules --question
# GNU Make 3.81
# Copyright (C) 2006  Free Software Foundation, Inc.
# This is free software; see the source for copying conditions.
# There is NO warranty; not even for MERCHANTABILITY or FITNESS FOR A
# PARTICULAR PURPOSE.

# This program built for i386-apple-darwin11.3.0
 
make: *** No rule to make target `all'.  Stop.


# Make data base, printed on Fri Jun 24 22:37:26 2022

# Variables

# automatic
<D = $(patsubst %/,%,$(dir $<))
# automatic
?F = $(notdir $?)
# environment
ELECTRON_NO_ATTACH_CONSOLE = 1
# environment
PROVIDE_FULLSTACK_ACTION = true
# environment
LC_CTYPE = UTF-8
# environment
VSCODE_LOG_NATIVE = false
# environment
ZSH_TMUX_TERM = screen-256color
# automatic
?D = $(patsubst %/,%,$(dir $?))
# automatic
@D = $(patsubst %/,%,$(dir $@))
# automatic
@F = $(notdir $@)
# makefile
CURDIR := /Users/aassuhendar/Research/Go/repository/go-whatsapp-multidevice-rest
# makefile
SHELL = /bin/sh
# environment
VSCODE_NLS_CONFIG = {"locale":"en-us","availableLanguages":{},"_languagePackSupport":true}
# environment
_ = /usr/bin/make
# makefile (from `Makefile', line 4)
IMAGE_NAME := go-whatsapp-multidevice-rest
# makefile (from `Makefile', line 1)
MAKEFILE_LIST :=  Makefile
# environment
VSCODE_AMD_ENTRYPOINT = vs/workbench/api/node/extensionHostProcess
# environment
VSCODE_VERBOSE_LOGGING = true
# environment
VSCODE_IPC_HOOK_EXTHOST = /var/folders/4d/slqb_zj111j7vlpgbfqgdp740000gn/T/vscode-ipc-1dc4b1e4-ffe7-4ea7-bc84-0cc658acad44.sock
# environment
VSCODE_CWD = /Users/aassuhendar/Research/Go/repository/go-whatsapp-multidevice-rest
# environment
GOPROXY = https://proxy.golang.org,direct
# environment
Apple_PubSub_Socket_Render = /private/tmp/com.apple.launchd.LMM0JmVxuC/Render
# environment
PATH = /usr/local/opt/python@3.8/bin:/Volumes/DataDrive/Apps/Mac - Developer/GCP Client/google-cloud-sdk/bin:/usr/local/sbin:/Library/Frameworks/Python.framework/Versions/3.9/bin:/usr/local/bin:/usr/bin:/bin:/usr/sbin:/sbin:/usr/local/go/bin:/opt/X11/bin:/Users/aassuhendar/Applications/Go-Workspace/bin:/Users/aassuhendar/Applications/Go-Workspace:/usr/local/mongodb/bin:/usr/local/opt/fzf/bin
# environment
LSCOLORS = Gxfxcxdxbxegedabagacad
# environment
GOLANG_EXECUTABLE = go
# makefile (from `Makefile', line 2)
SERVICE_NAME := go-whatsapp-multidevice-rest
# environment
THREE_SCALE_USER_TOKEN = 207c527cfc2a6b8dcf4fa43ad7a976da
# environment
GOPATH = /Users/aassuhendar/Applications/Go-Workspace
# makefile (from `Makefile', line 5)
IMAGE_TAG := latest
# environment
VSCODE_LOG_STACK = false
# environment
ELECTRON_RUN_AS_NODE = 1
# default
.FEATURES := target-specific order-only second-expansion else-if archives jobserver check-symlink
# environment
UUID = 5ed1ac8b-0e9c-4c03-abb5-882391bb8e30
# environment
SSH_AUTH_SOCK = /private/tmp/com.apple.launchd.xGXvy9gBio/Listeners
# automatic
%F = $(notdir $%)
# environment
DISPLAY = /private/tmp/com.apple.launchd.HJ6DBDuqF4/org.macosforge.xquartz:0
# environment
ZSH_TMUX_CONFIG = /Users/aassuhendar/.tmux.conf
# environment
VSCODE_PIPE_LOGGING = true
# makefile (from `Makefile', line 3)
SERVICE_PORT := 3000
# environment
_ZSH_TMUX_FIXED_CONFIG = /Users/aassuhendar/.oh-my-zsh/plugins/tmux/tmux.extra.conf
# environment
PWD = /Users/aassuhendar/Research/Go/repository/go-whatsapp-multidevice-rest
# makefile (from `Makefile', line 6)
 
REBASE_URL := "github.com/AasSuhendar/go-whatsapp-multidevice-rest"
# environment
ORIGINAL_XDG_CURRENT_DESKTOP = undefined
# environment
GOMODCACHE = /Users/aassuhendar/Applications/Go-Workspace/pkg/mod
# environment
HOME = /Users/aassuhendar
# default
MAKEFILEPATH = $(shell /usr/bin/xcode-select -print-path 2>/dev/null || echo /Developer)/Makefiles
# environment
VSCODE_CLI = 1
# environment
VSCODE_CODE_CACHE_PATH = /Users/aassuhendar/Library/Application Support/Code/CachedData/30d9c6cd9483b2cc586687151bcbcd635f373630
# environment
LOGNAME = aassuhendar
# environment
APPLICATION_INSIGHTS_NO_DIAGNOSTIC_CHANNEL = true
# environment
TELEMETRY_ID = 49bb7aa2-b6b5-4383-be01-704c0bb83fe0
# environment
ZSH = /Users/aassuhendar/.oh-my-zsh
# environment
VSCODE_HANDLES_UNCAUGHT_ERRORS = true
# automatic
^D = $(patsubst %/,%,$(dir $^))
# environment
XPC_FLAGS = 0x0
# environment
COLORTERM = truecolor
# default
MAKE = $(MAKE_COMMAND)
# environment
MONGO_PATH = /usr/local/mongodb/bin
# default
MAKECMDGOALS := all
# environment
SHLVL = 3
# default
MAKE_VERSION := 3.81
# environment
USER = aassuhendar
# makefile
.DEFAULT_GOAL := init
# environment
TERM_SESSION_ID = w0t1p0:72C037F4-9138-4A11-B614-4CCB9428E7D9
# environment
LESS = -R
# automatic
%D = $(patsubst %/,%,$(dir $%))
# default
MAKE_COMMAND := /Library/Developer/CommandLineTools/usr/bin/make
# environment
UTM_SOURCE = vscode
# makefile (from `Makefile', line 7)
COMMIT_MSG := "update improvement"
# environment
TERM_PROGRAM = iTerm.app
# default
.VARIABLES := 
# environment
TMPDIR = /var/folders/4d/slqb_zj111j7vlpgbfqgdp740000gn/T/
# automatic
*F = $(notdir $*)
# environment
VSCODE_IPC_HOOK = /Users/aassuhendar/Library/Application Support/Code/1.68.1-main.sock
# makefile
MAKEFLAGS = sRrqp
# environment
MFLAGS = -sRrqp
# automatic
*D = $(patsubst %/,%,$(dir $*))
# environment
TERM_PROGRAM_VERSION = 3.2.9
# environment
XPC_SERVICE_NAME = 0
# automatic
+D = $(patsubst %/,%,$(dir $+))
# environment
RECOMMENDER_API_URL = https://gw.api.openshift.io//api/v2
# automatic
+F = $(notdir $+)
# makefile (from `Makefile', line 1)
BUILD_CGO_ENABLED := 0
# environment
ITERM_SESSION_ID = w0t1p0:72C037F4-9138-4A11-B614-4CCB9428E7D9
# environment
COLORFGBG = 15;0
# environment
__CF_USER_TEXT_ENCODING = 0x1F5:0x0:0x0
# default
MAKEFILES := 
# automatic
<F = $(notdir $<)
# environment
ITERM_PROFILE = Default
# environment
PAGER = less
# environment
LC_ALL = C
# automatic
^F = $(notdir $^)
# default
SUFFIXES := 
# default
.INCLUDE_DIRS = /usr/local/include
# environment
MAKELEVEL := 0
# environment
LANG = C
# environment
TERM = xterm-256color
# environment
VSCODE_PID = 79012
# variable set hash-table stats:
# Load=98/1024=10%, Rehash=0, Collisions=4/122=3%

# Pattern-specific Variable Values

# No pattern-specific variable values.

# Directories

# . (device 16777223, inode 143057726): 20 files, no impossibilities.

# 20 files, no impossibilities in 1 directories.

# Implicit Rules

# No implicit rules.

# Files

clean-dist:
#  Implicit rule search has not been done.
#  Modification time never checked.
#  File has not been updated.
#  commands to execute (from `Makefile', line 53):
	rm -rf dist
	

c-clean:
#  Implicit rule search has not been done.
#  Modification time never checked.
#  File has not been updated.
#  commands to execute (from `Makefile', line 102):
	docker rmi -f $(IMAGE_NAME):$(IMAGE_TAG)
	

init-dist:
#  Implicit rule search has not been done.
#  Modification time never checked.
#  File has not been updated.
#  commands to execute (from `Makefile', line 18):
	mkdir -p dist
	

clean-build:
#  Implicit rule search has not been done.
#  Modification time never checked.
#  File has not been updated.
#  commands to execute (from `Makefile', line 56):
	rm -f $(SERVICE_NAME)
	

# Not a target:
all:
#  Command-line target.
#  Implicit rule search has been done.
#  File does not exist.
#  File has not been updated.
# variable set hash-table stats:
# Load=0/32=0%, Rehash=0, Collisions=0/0=0%

.PHONY:
#  Implicit rule search has not been done.
#  Modification time never checked.
#  File has not been updated.

commit:
#  Implicit rule search has not been done.
#  Modification time never checked.
#  File has not been updated.
#  commands to execute (from `Makefile', line 65):
	make vendor
	make clean
	git add .
	git commit -am $(COMMIT_MSG)
	

# Not a target:
.SUFFIXES:
#  Implicit rule search has not been done.
#  Modification time never checked.
#  File has not been updated.

push:
#  Implicit rule search has not been done.
#  Modification time never checked.
#  File has not been updated.
#  commands to execute (from `Makefile', line 77):
	git push origin master
	

# Not a target:
Makefile:
#  Implicit rule search has been done.
#  Last modified 2022-06-24 22:37:11
#  File has been updated.
#  Successfully updated.
# variable set hash-table stats:
# Load=0/32=0%, Rehash=0, Collisions=0/0=0%

c-push:
#  Implicit rule search has not been done.
#  Modification time never checked.
#  File has not been updated.
#  commands to execute (from `Makefile', line 99):
	docker push $(IMAGE_NAME):$(IMAGE_TAG)
	

build:
#  Implicit rule search has not been done.
#  Modification time never checked.
#  File has not been updated.
#  commands to execute (from `Makefile', line 37):
	make vendor
	CGO_ENABLED=$(BUILD_CGO_ENABLED) go build -ldflags="-s -w" -a -o $(SERVICE_NAME) cmd/main/main.go
	echo "Build '$(SERVICE_NAME)' complete."
	

c-stop:
#  Implicit rule search has not been done.
#  Modification time never checked.
#  File has not been updated.
#  commands to execute (from `Makefile', line 93):
	docker stop $(SERVICE_NAME)
	

c-shell:
#  Implicit rule search has not been done.
#  Modification time never checked.
#  File has not been updated.
#  commands to execute (from `Makefile', line 90):
	docker exec -it $(SERVICE_NAME) bash
	

c-build:
#  Implicit rule search has not been done.
#  Modification time never checked.
#  File has not been updated.
#  commands to execute (from `Makefile', line 83):
	docker build -t $(IMAGE_NAME):$(IMAGE_TAG) --build-arg SERVICE_NAME=$(SERVICE_NAME) .
	

.SILENT:
#  Implicit rule search has not been done.
#  Modification time never checked.
#  File has not been updated.

clean-dbs:
#  Implicit rule search has not been done.
#  Modification time never checked.
#  File has not been updated.
#  commands to execute (from `Makefile', line 50):
	rm -f dbs/WhatsApp.db
	

release:
#  Implicit rule search has not been done.
#  Modification time never checked.
#  File has not been updated.
#  commands to execute (from `Makefile', line 25):
	make vendor
	make clean-dist
	goreleaser release --snapshot --skip-publish --rm-dist
	echo "Release '$(SERVICE_NAME)' complete, please check dist directory."
	

# Not a target:
.DEFAULT:
#  Implicit rule search has not been done.
#  Modification time never checked.
#  File has not been updated.

rebase:
#  Implicit rule search has not been done.
#  Modification time never checked.
#  File has not been updated.
#  commands to execute (from `Makefile', line 71):
	rm -rf .git
	find . -type f -iname "*.go*" -exec sed -i '' -e "s%github.com/dimaskiddo/go-whatsapp-multidevice-rest%$(REBASE_URL)%g" {} \;
	git init
	git remote add origin https://$(REBASE_URL).git
	

pull:
#  Implicit rule search has not been done.
#  Modification time never checked.
#  File has not been updated.
#  commands to execute (from `Makefile', line 80):
	git pull origin master
	

publish:
#  Implicit rule search has not been done.
#  Modification time never checked.
#  File has not been updated.
#  commands to execute (from `Makefile', line 31):
	make vendor
	make clean-dist
	GITHUB_TOKEN=$(GITHUB_TOKEN) goreleaser release --rm-dist
	echo "Publish '$(SERVICE_NAME)' complete, please check your repository releases."
	

run:
#  Implicit rule search has not been done.
#  Modification time never checked.
#  File has not been updated.
#  commands to execute (from `Makefile', line 42):
 
	make vendor
	go run cmd/main/*.go
	

gen-docs:
#  Implicit rule search has not been done.
#  Modification time never checked.
#  File has not been updated.
#  commands to execute (from `Makefile', line 46):
	rm -rf docs/*
	swag init -g cmd/main/main.go --output docs
	

clean:
#  Implicit rule search has not been done.
#  Modification time never checked.
#  File has not been updated.
#  commands to execute (from `Makefile', line 59):
	make clean-dbs
	make clean-dist
	make clean-build
	rm -rf vendor
	

init:
#  Implicit rule search has not been done.
#  Modification time never checked.
#  File has not been updated.
#  commands to execute (from `Makefile', line 14):
	make clean
	GO111MODULE=on go mod init
	

c-logs:
#  Implicit rule search has not been done.
#  Modification time never checked.
#  File has not been updated.
#  commands to execute (from `Makefile', line 96):
	docker logs $(SERVICE_NAME)
	

c-run:
#  Implicit rule search has not been done.
#  Modification time never checked.
#  File has not been updated.
#  commands to execute (from `Makefile', line 86):
	docker run -d -p $(SERVICE_PORT):$(SERVICE_PORT) --name $(SERVICE_NAME) --rm $(IMAGE_NAME):$(IMAGE_TAG)
	make c-logs
	

vendor:
#  Implicit rule search has not been done.
#  Modification time never checked.
#  File has not been updated.
#  commands to execute (from `Makefile', line 21):
	make clean
	GO111MODULE=on go mod vendor
	

# files hash-table stats:
# Load=29/1024=3%, Rehash=0, Collisions=0/41=0%
# VPATH Search Paths

# No `vpath' search paths.

# No general (`VPATH' variable) search path.

# # of strings in strcache: 1
# # of strcache buffers: 1
# strcache size: total = 4096 / max = 4096 / min = 4096 / avg = 4096
# strcache free: total = 4087 / max = 4087 / min = 4087 / avg = 4087

# Finished Make data base on Fri Jun 24 22:37:26 2022

 
